<?xml version="1.0" encoding="UTF-8"?>
<!-- Generated by org.testng.reporters.JUnitXMLReporter -->
<testsuite ignored="0" hostname="DESKTOP-KJ7QM76" failures="0" tests="5" name="Default test" time="29.069" errors="0" timestamp="2025-11-27T01:32:28 AEST">
  <testcase classname="com.Module01Login.TestCase.T03_LoginLogout" name="loginToOHRM" time="2.242"/>
  <testcase classname="com.Module01Login.TestCase.T03_LoginLogout" name="loginToOHRM" time="1.518"/>
  <testcase classname="com.Module01Login.TestCase.T03_LoginLogout" name="loginToOHRM" time="0.67"/>
  <testcase classname="com.Module01Login.TestCase.T03_LoginLogout" name="loginToOHRM" time="0.613"/>
  <testcase classname="com.Module01Login.TestCase.T03_LoginLogout" name="loginToOHRM" time="1.871"/>
</testsuite> <!-- Default test -->
