<?xml version="1.0" encoding="UTF-8"?>
<!-- Generated by org.testng.reporters.JUnitXMLReporter -->
<testsuite ignored="0" hostname="DESKTOP-KJ7QM76" failures="0" tests="3" name="Default test" time="10.348" errors="0" timestamp="2025-11-17T17:25:31 AEST">
  <testcase classname="com.Bstack.testCase.HomePageTest" name="linkStatusTest" time="0.685"/>
  <testcase classname="com.Bstack.testCase.HomePageTest" name="titleTest" time="0.015"/>
  <testcase classname="com.Bstack.testCase.HomePageTest" name="urlTest" time="0.013"/>
</testsuite> <!-- Default test -->
