<?xml version="1.0" encoding="UTF-8"?>
<!-- Generated by org.testng.reporters.JUnitXMLReporter -->
<testsuite ignored="0" hostname="DESKTOP-KJ7QM76" failures="0" tests="3" name="HomepageTest" time="13.972" errors="0" timestamp="2025-11-19T01:20:57 AEST">
  <testcase classname="com.Bstack.testCase.HomePageTest" name="titleTest" time="0.022"/>
  <testcase classname="com.Bstack.testCase.HomePageTest" name="urlTest" time="0.016"/>
  <testcase classname="com.Bstack.testCase.HomePageTest" name="linkStatusTest" time="0.74"/>
</testsuite> <!-- HomepageTest -->
