<?xml version="1.0" encoding="UTF-8"?>
<!-- Generated by org.testng.reporters.JUnitXMLReporter -->
<testsuite ignored="0" hostname="DESKTOP-KJ7QM76" failures="0" tests="3" name="HomepageTest" time="11.5" errors="0" timestamp="2025-11-17T20:17:12 AEST">
  <testcase classname="com.Bstack.testCase.HomePageTest" name="linkStatusTest" time="0.696"/>
  <testcase classname="com.Bstack.testCase.HomePageTest" name="titleTest" time="0.02"/>
  <testcase classname="com.Bstack.testCase.HomePageTest" name="urlTest" time="0.015"/>
</testsuite> <!-- HomepageTest -->
