<?xml version="1.0" encoding="UTF-8"?>
<!-- Generated by org.testng.reporters.JUnitXMLReporter -->
<testsuite ignored="0" hostname="DESKTOP-KJ7QM76" failures="0" tests="9" name="Test" time="127.796" errors="0" timestamp="2025-11-20T21:48:41 AEST">
  <testcase classname="com.Bstack.testCase.HomePageTest" name="titleTest" time="0.026"/>
  <testcase classname="com.Bstack.testCase.HomePageTest" name="urlTest" time="0.011"/>
  <testcase classname="com.Bstack.testCase.HomePageTest" name="linkStatusTest" time="0.67"/>
  <testcase classname="com.Bstack.testCase.LoginPageTest" name="emptyLoginTest" time="0.444"/>
  <testcase classname="com.Bstack.testCase.LoginPageTest" name="loginTest" time="1.259"/>
  <testcase classname="com.Bstack.testCase.AddToCartTests" name="AddToCartTest" time="6.066"/>
  <testcase classname="com.Bstack.testCase.AddToCartTests" name="addMoreItemsTest" time="8.706"/>
  <testcase classname="com.Bstack.testCase.AddToCartTests" name="checkoutTest" time="5.751"/>
  <testcase classname="com.Bstack.testCase.CheckoutTests" name="placeOrder" time="6.079"/>
</testsuite> <!-- Test -->
