<?xml version="1.0" encoding="UTF-8"?>
<!-- Generated by org.testng.reporters.JUnitXMLReporter -->
<testsuite ignored="0" hostname="DESKTOP-KJ7QM76" failures="0" tests="11" name="Test" time="29.562" errors="0" timestamp="2025-11-27T02:09:21 AEST">
  <testcase classname="com.Module01Login.TestCase.T01_CreateLoginDataExcel" name="writeDataToFile" time="0.085"/>
  <testcase classname="com.Module01Login.TestCase.T01_CreateLoginDataExcel" name="writeDataToFile" time="0.007"/>
  <testcase classname="com.Module01Login.TestCase.T01_CreateLoginDataExcel" name="writeDataToFile" time="0.009"/>
  <testcase classname="com.Module01Login.TestCase.T01_CreateLoginDataExcel" name="writeDataToFile" time="0.006"/>
  <testcase classname="com.Module01Login.TestCase.T01_CreateLoginDataExcel" name="writeDataToFile" time="0.009"/>
  <testcase classname="com.Module01Login.TestCase.T01_CreateLoginDataExcel" name="writeDataToFile" time="0.008"/>
  <testcase classname="com.Module01Login.TestCase.T03_LoginLogout" name="loginToOHRM" time="2.179"/>
  <testcase classname="com.Module01Login.TestCase.T03_LoginLogout" name="loginToOHRM" time="0.633"/>
  <testcase classname="com.Module01Login.TestCase.T03_LoginLogout" name="loginToOHRM" time="0.621"/>
  <testcase classname="com.Module01Login.TestCase.T03_LoginLogout" name="loginToOHRM" time="1.407"/>
  <testcase classname="com.Module01Login.TestCase.T03_LoginLogout" name="loginToOHRM" time="0.625"/>
</testsuite> <!-- Test -->
