<?xml version="1.0" encoding="UTF-8"?>
<testng-results ignored="0" total="9" passed="9" failed="0" skipped="0">
  <reporter-output>
  </reporter-output>
  <suite started-at="2025-11-20T21:46:33 AEST" name="Suite" finished-at="2025-11-20T21:48:41 AEST" duration-ms="127796">
    <groups>
    </groups>
    <test started-at="2025-11-20T21:46:33 AEST" name="Test" finished-at="2025-11-20T21:48:41 AEST" duration-ms="127796">
      <class name="com.Bstack.testCase.AddToCartTests">
        <test-method is-config="true" signature="setup()[pri:0, instance:com.Bstack.testCase.AddToCartTests@4c178a76]" started-at="2025-11-20T21:47:26 AEST" name="setup" finished-at="2025-11-20T21:47:36 AEST" duration-ms="10066" status="PASS">
          <reporter-output>
          </reporter-output>
        </test-method> <!-- setup -->
        <test-method is-config="true" signature="setupLoginPage()[pri:0, instance:com.Bstack.testCase.AddToCartTests@4c178a76]" started-at="2025-11-20T21:47:36 AEST" name="setupLoginPage" finished-at="2025-11-20T21:47:38 AEST" duration-ms="1823" status="PASS">
          <reporter-output>
          </reporter-output>
        </test-method> <!-- setupLoginPage -->
        <test-method signature="AddToCartTest()[pri:0, instance:com.Bstack.testCase.AddToCartTests@4c178a76]" started-at="2025-11-20T21:47:38 AEST" name="AddToCartTest" finished-at="2025-11-20T21:47:44 AEST" duration-ms="6066" status="PASS">
          <reporter-output>
          </reporter-output>
        </test-method> <!-- AddToCartTest -->
        <test-method is-config="true" signature="tearDown()[pri:0, instance:com.Bstack.testCase.AddToCartTests@4c178a76]" started-at="2025-11-20T21:47:44 AEST" name="tearDown" finished-at="2025-11-20T21:47:44 AEST" duration-ms="357" status="PASS">
          <reporter-output>
          </reporter-output>
        </test-method> <!-- tearDown -->
        <test-method is-config="true" signature="setup()[pri:0, instance:com.Bstack.testCase.AddToCartTests@4c178a76]" started-at="2025-11-20T21:47:44 AEST" name="setup" finished-at="2025-11-20T21:47:53 AEST" duration-ms="8432" status="PASS">
          <reporter-output>
          </reporter-output>
        </test-method> <!-- setup -->
        <test-method is-config="true" signature="setupLoginPage()[pri:0, instance:com.Bstack.testCase.AddToCartTests@4c178a76]" started-at="2025-11-20T21:47:53 AEST" name="setupLoginPage" finished-at="2025-11-20T21:47:54 AEST" duration-ms="1851" status="PASS">
          <reporter-output>
          </reporter-output>
        </test-method> <!-- setupLoginPage -->
        <test-method signature="addMoreItemsTest()[pri:0, instance:com.Bstack.testCase.AddToCartTests@4c178a76]" started-at="2025-11-20T21:47:54 AEST" name="addMoreItemsTest" finished-at="2025-11-20T21:48:03 AEST" duration-ms="8706" status="PASS">
          <reporter-output>
          </reporter-output>
        </test-method> <!-- addMoreItemsTest -->
        <test-method is-config="true" signature="tearDown()[pri:0, instance:com.Bstack.testCase.AddToCartTests@4c178a76]" started-at="2025-11-20T21:48:03 AEST" name="tearDown" finished-at="2025-11-20T21:48:05 AEST" duration-ms="2246" status="PASS">
          <reporter-output>
          </reporter-output>
        </test-method> <!-- tearDown -->
        <test-method is-config="true" signature="setup()[pri:0, instance:com.Bstack.testCase.AddToCartTests@4c178a76]" started-at="2025-11-20T21:48:05 AEST" name="setup" finished-at="2025-11-20T21:48:13 AEST" duration-ms="7544" status="PASS">
          <reporter-output>
          </reporter-output>
        </test-method> <!-- setup -->
        <test-method is-config="true" signature="setupLoginPage()[pri:0, instance:com.Bstack.testCase.AddToCartTests@4c178a76]" started-at="2025-11-20T21:48:13 AEST" name="setupLoginPage" finished-at="2025-11-20T21:48:15 AEST" duration-ms="1840" status="PASS">
          <reporter-output>
          </reporter-output>
        </test-method> <!-- setupLoginPage -->
        <test-method signature="checkoutTest()[pri:0, instance:com.Bstack.testCase.AddToCartTests@4c178a76]" started-at="2025-11-20T21:48:15 AEST" name="checkoutTest" finished-at="2025-11-20T21:48:21 AEST" duration-ms="5751" status="PASS">
          <reporter-output>
          </reporter-output>
        </test-method> <!-- checkoutTest -->
        <test-method is-config="true" signature="tearDown()[pri:0, instance:com.Bstack.testCase.AddToCartTests@4c178a76]" started-at="2025-11-20T21:48:21 AEST" name="tearDown" finished-at="2025-11-20T21:48:22 AEST" duration-ms="1927" status="PASS">
          <reporter-output>
          </reporter-output>
        </test-method> <!-- tearDown -->
      </class> <!-- com.Bstack.testCase.AddToCartTests -->
      <class name="com.Bstack.testCase.HomePageTest">
        <test-method is-config="true" signature="setup()[pri:0, instance:com.Bstack.testCase.HomePageTest@40a4337a]" started-at="2025-11-20T21:46:33 AEST" name="setup" finished-at="2025-11-20T21:46:46 AEST" duration-ms="12867" status="PASS">
          <reporter-output>
          </reporter-output>
        </test-method> <!-- setup -->
        <test-method signature="titleTest()[pri:1, instance:com.Bstack.testCase.HomePageTest@40a4337a]" started-at="2025-11-20T21:46:46 AEST" name="titleTest" finished-at="2025-11-20T21:46:46 AEST" duration-ms="26" status="PASS">
          <reporter-output>
          </reporter-output>
        </test-method> <!-- titleTest -->
        <test-method is-config="true" signature="tearDown()[pri:0, instance:com.Bstack.testCase.HomePageTest@40a4337a]" started-at="2025-11-20T21:46:46 AEST" name="tearDown" finished-at="2025-11-20T21:46:47 AEST" duration-ms="459" status="PASS">
          <reporter-output>
          </reporter-output>
        </test-method> <!-- tearDown -->
        <test-method is-config="true" signature="setup()[pri:0, instance:com.Bstack.testCase.HomePageTest@40a4337a]" started-at="2025-11-20T21:46:47 AEST" name="setup" finished-at="2025-11-20T21:46:56 AEST" duration-ms="9240" status="PASS">
          <reporter-output>
          </reporter-output>
        </test-method> <!-- setup -->
        <test-method signature="urlTest()[pri:2, instance:com.Bstack.testCase.HomePageTest@40a4337a]" started-at="2025-11-20T21:46:56 AEST" name="urlTest" finished-at="2025-11-20T21:46:56 AEST" duration-ms="11" status="PASS">
          <reporter-output>
          </reporter-output>
        </test-method> <!-- urlTest -->
        <test-method is-config="true" signature="tearDown()[pri:0, instance:com.Bstack.testCase.HomePageTest@40a4337a]" started-at="2025-11-20T21:46:56 AEST" name="tearDown" finished-at="2025-11-20T21:46:56 AEST" duration-ms="413" status="PASS">
          <reporter-output>
          </reporter-output>
        </test-method> <!-- tearDown -->
        <test-method is-config="true" signature="setup()[pri:0, instance:com.Bstack.testCase.HomePageTest@40a4337a]" started-at="2025-11-20T21:46:56 AEST" name="setup" finished-at="2025-11-20T21:47:04 AEST" duration-ms="7593" status="PASS">
          <reporter-output>
          </reporter-output>
        </test-method> <!-- setup -->
        <test-method signature="linkStatusTest()[pri:3, instance:com.Bstack.testCase.HomePageTest@40a4337a]" started-at="2025-11-20T21:47:04 AEST" name="linkStatusTest" finished-at="2025-11-20T21:47:05 AEST" duration-ms="670" status="PASS">
          <reporter-output>
          </reporter-output>
        </test-method> <!-- linkStatusTest -->
        <test-method is-config="true" signature="tearDown()[pri:0, instance:com.Bstack.testCase.HomePageTest@40a4337a]" started-at="2025-11-20T21:47:05 AEST" name="tearDown" finished-at="2025-11-20T21:47:05 AEST" duration-ms="381" status="PASS">
          <reporter-output>
          </reporter-output>
        </test-method> <!-- tearDown -->
      </class> <!-- com.Bstack.testCase.HomePageTest -->
      <class name="com.Bstack.testCase.LoginPageTest">
        <test-method is-config="true" signature="setup()[pri:0, instance:com.Bstack.testCase.LoginPageTest@79079097]" started-at="2025-11-20T21:47:05 AEST" name="setup" finished-at="2025-11-20T21:47:14 AEST" duration-ms="9334" status="PASS">
          <reporter-output>
          </reporter-output>
        </test-method> <!-- setup -->
        <test-method is-config="true" signature="setupLoginPage()[pri:0, instance:com.Bstack.testCase.LoginPageTest@79079097]" started-at="2025-11-20T21:47:14 AEST" name="setupLoginPage" finished-at="2025-11-20T21:47:15 AEST" duration-ms="649" status="PASS">
          <reporter-output>
          </reporter-output>
        </test-method> <!-- setupLoginPage -->
        <test-method signature="emptyLoginTest()[pri:0, instance:com.Bstack.testCase.LoginPageTest@79079097]" started-at="2025-11-20T21:47:15 AEST" name="emptyLoginTest" finished-at="2025-11-20T21:47:15 AEST" duration-ms="444" status="PASS">
          <reporter-output>
          </reporter-output>
        </test-method> <!-- emptyLoginTest -->
        <test-method is-config="true" signature="tearDown()[pri:0, instance:com.Bstack.testCase.LoginPageTest@79079097]" started-at="2025-11-20T21:47:15 AEST" name="tearDown" finished-at="2025-11-20T21:47:16 AEST" duration-ms="243" status="PASS">
          <reporter-output>
          </reporter-output>
        </test-method> <!-- tearDown -->
        <test-method is-config="true" signature="setup()[pri:0, instance:com.Bstack.testCase.LoginPageTest@79079097]" started-at="2025-11-20T21:47:16 AEST" name="setup" finished-at="2025-11-20T21:47:24 AEST" duration-ms="7983" status="PASS">
          <reporter-output>
          </reporter-output>
        </test-method> <!-- setup -->
        <test-method is-config="true" signature="setupLoginPage()[pri:0, instance:com.Bstack.testCase.LoginPageTest@79079097]" started-at="2025-11-20T21:47:24 AEST" name="setupLoginPage" finished-at="2025-11-20T21:47:24 AEST" duration-ms="668" status="PASS">
          <reporter-output>
          </reporter-output>
        </test-method> <!-- setupLoginPage -->
        <test-method signature="loginTest()[pri:0, instance:com.Bstack.testCase.LoginPageTest@79079097]" started-at="2025-11-20T21:47:24 AEST" name="loginTest" finished-at="2025-11-20T21:47:26 AEST" duration-ms="1259" status="PASS">
          <reporter-output>
          </reporter-output>
        </test-method> <!-- loginTest -->
        <test-method is-config="true" signature="tearDown()[pri:0, instance:com.Bstack.testCase.LoginPageTest@79079097]" started-at="2025-11-20T21:47:26 AEST" name="tearDown" finished-at="2025-11-20T21:47:26 AEST" duration-ms="290" status="PASS">
          <reporter-output>
          </reporter-output>
        </test-method> <!-- tearDown -->
      </class> <!-- com.Bstack.testCase.LoginPageTest -->
      <class name="com.Bstack.testCase.CheckoutTests">
        <test-method is-config="true" signature="setup()[pri:0, instance:com.Bstack.testCase.CheckoutTests@fa4c865]" started-at="2025-11-20T21:48:22 AEST" name="setup" finished-at="2025-11-20T21:48:32 AEST" duration-ms="9634" status="PASS">
          <reporter-output>
          </reporter-output>
        </test-method> <!-- setup -->
        <test-method is-config="true" signature="setupLoginPage()[pri:0, instance:com.Bstack.testCase.CheckoutTests@fa4c865]" started-at="2025-11-20T21:48:32 AEST" name="setupLoginPage" finished-at="2025-11-20T21:48:34 AEST" duration-ms="1784" status="PASS">
          <reporter-output>
          </reporter-output>
        </test-method> <!-- setupLoginPage -->
        <test-method signature="placeOrder()[pri:0, instance:com.Bstack.testCase.CheckoutTests@fa4c865]" started-at="2025-11-20T21:48:34 AEST" name="placeOrder" finished-at="2025-11-20T21:48:40 AEST" duration-ms="6079" status="PASS">
          <reporter-output>
          </reporter-output>
        </test-method> <!-- placeOrder -->
        <test-method is-config="true" signature="tearDown()[pri:0, instance:com.Bstack.testCase.CheckoutTests@fa4c865]" started-at="2025-11-20T21:48:40 AEST" name="tearDown" finished-at="2025-11-20T21:48:41 AEST" duration-ms="995" status="PASS">
          <reporter-output>
          </reporter-output>
        </test-method> <!-- tearDown -->
      </class> <!-- com.Bstack.testCase.CheckoutTests -->
    </test> <!-- Test -->
  </suite> <!-- Suite -->
</testng-results>
