<?xml version="1.0" encoding="UTF-8"?>
<testng-results ignored="0" total="4" passed="4" failed="0" skipped="0">
  <reporter-output>
  </reporter-output>
  <suite started-at="2025-11-17T20:17:01 AEST" name="Suite" finished-at="2025-11-17T20:17:22 AEST" duration-ms="21406">
    <groups>
    </groups>
    <test started-at="2025-11-17T20:17:01 AEST" name="HomepageTest" finished-at="2025-11-17T20:17:12 AEST" duration-ms="11500">
      <class name="com.Bstack.testCase.HomePageTest">
        <test-method is-config="true" signature="setup()[pri:0, instance:com.Bstack.testCase.HomePageTest@77c2494c]" started-at="2025-11-17T20:17:01 AEST" name="setup" finished-at="2025-11-17T20:17:11 AEST" duration-ms="10146" status="PASS">
          <reporter-output>
          </reporter-output>
        </test-method> <!-- setup -->
        <test-method signature="linkStatusTest()[pri:0, instance:com.Bstack.testCase.HomePageTest@77c2494c]" started-at="2025-11-17T20:17:11 AEST" name="linkStatusTest" finished-at="2025-11-17T20:17:12 AEST" duration-ms="696" status="PASS">
          <reporter-output>
          </reporter-output>
        </test-method> <!-- linkStatusTest -->
        <test-method signature="titleTest()[pri:0, instance:com.Bstack.testCase.HomePageTest@77c2494c]" started-at="2025-11-17T20:17:12 AEST" name="titleTest" finished-at="2025-11-17T20:17:12 AEST" duration-ms="20" status="PASS">
          <reporter-output>
          </reporter-output>
        </test-method> <!-- titleTest -->
        <test-method signature="urlTest()[pri:0, instance:com.Bstack.testCase.HomePageTest@77c2494c]" started-at="2025-11-17T20:17:12 AEST" name="urlTest" finished-at="2025-11-17T20:17:12 AEST" duration-ms="15" status="PASS">
          <reporter-output>
          </reporter-output>
        </test-method> <!-- urlTest -->
        <test-method is-config="true" signature="afterTest()[pri:0, instance:com.Bstack.testCase.HomePageTest@77c2494c]" started-at="2025-11-17T20:17:12 AEST" name="afterTest" finished-at="2025-11-17T20:17:12 AEST" duration-ms="542" status="PASS">
          <reporter-output>
          </reporter-output>
        </test-method> <!-- afterTest -->
      </class> <!-- com.Bstack.testCase.HomePageTest -->
    </test> <!-- HomepageTest -->
    <test started-at="2025-11-17T20:17:12 AEST" name="LoginpageTest" finished-at="2025-11-17T20:17:22 AEST" duration-ms="9838">
      <class name="com.Bstack.testCase.LoginPageTest">
        <test-method is-config="true" signature="setup()[pri:0, instance:com.Bstack.testCase.LoginPageTest@6913c1fb]" started-at="2025-11-17T20:17:12 AEST" name="setup" finished-at="2025-11-17T20:17:21 AEST" duration-ms="8814" status="PASS">
          <reporter-output>
          </reporter-output>
        </test-method> <!-- setup -->
        <test-method is-config="true" signature="setupLoginPage()[pri:0, instance:com.Bstack.testCase.LoginPageTest@6913c1fb]" started-at="2025-11-17T20:17:21 AEST" name="setupLoginPage" finished-at="2025-11-17T20:17:22 AEST" duration-ms="653" status="PASS">
          <reporter-output>
          </reporter-output>
        </test-method> <!-- setupLoginPage -->
        <test-method signature="loginPgTitleTest()[pri:0, instance:com.Bstack.testCase.LoginPageTest@6913c1fb]" started-at="2025-11-17T20:17:22 AEST" name="loginPgTitleTest" finished-at="2025-11-17T20:17:22 AEST" duration-ms="12" status="PASS">
          <reporter-output>
          </reporter-output>
        </test-method> <!-- loginPgTitleTest -->
        <test-method is-config="true" signature="afterTest()[pri:0, instance:com.Bstack.testCase.LoginPageTest@6913c1fb]" started-at="2025-11-17T20:17:22 AEST" name="afterTest" finished-at="2025-11-17T20:17:22 AEST" duration-ms="354" status="PASS">
          <reporter-output>
          </reporter-output>
        </test-method> <!-- afterTest -->
      </class> <!-- com.Bstack.testCase.LoginPageTest -->
    </test> <!-- LoginpageTest -->
  </suite> <!-- Suite -->
</testng-results>
