<?xml version="1.0" encoding="UTF-8"?>
<!-- Generated by org.testng.reporters.JUnitReportReporter -->
<testsuite hostname="DESKTOP-KJ7QM76" failures="0" tests="6" name="com.Module01.TestCase.T01_CreateLoginDataEcxel" time="0.169" errors="0" timestamp="2025-11-06T00:40:12 AEST" skipped="0">
  <testcase classname="com.Module01.TestCase.T01_CreateLoginDataEcxel" name="writeDataToFile" time="0.008"/>
  <testcase classname="com.Module01.TestCase.T01_CreateLoginDataEcxel" name="writeDataToFile" time="0.009"/>
  <testcase classname="com.Module01.TestCase.T01_CreateLoginDataEcxel" name="writeDataToFile" time="0.011"/>
  <testcase classname="com.Module01.TestCase.T01_CreateLoginDataEcxel" name="writeDataToFile" time="0.038"/>
  <testcase classname="com.Module01.TestCase.T01_CreateLoginDataEcxel" name="writeDataToFile" time="0.017"/>
  <testcase classname="com.Module01.TestCase.T01_CreateLoginDataEcxel" name="writeDataToFile" time="0.086"/>
</testsuite> <!-- com.Module01.TestCase.T01_CreateLoginDataEcxel -->
