<?xml version="1.0" encoding="UTF-8"?>
<!-- Generated by org.testng.reporters.JUnitReportReporter -->
<testsuite hostname="DESKTOP-KJ7QM76" failures="0" tests="6" name="com.Module01Login.TestCase.T01_CreateLoginDataEcxel" time="0.098" errors="0" timestamp="2025-11-27T00:48:45 AEST" skipped="0">
  <testcase classname="com.Module01Login.TestCase.T01_CreateLoginDataEcxel" name="writeDataToFile" time="0.005"/>
  <testcase classname="com.Module01Login.TestCase.T01_CreateLoginDataEcxel" name="writeDataToFile" time="0.006"/>
  <testcase classname="com.Module01Login.TestCase.T01_CreateLoginDataEcxel" name="writeDataToFile" time="0.007"/>
  <testcase classname="com.Module01Login.TestCase.T01_CreateLoginDataEcxel" name="writeDataToFile" time="0.011"/>
  <testcase classname="com.Module01Login.TestCase.T01_CreateLoginDataEcxel" name="writeDataToFile" time="0.009"/>
  <testcase classname="com.Module01Login.TestCase.T01_CreateLoginDataEcxel" name="writeDataToFile" time="0.060"/>
</testsuite> <!-- com.Module01Login.TestCase.T01_CreateLoginDataEcxel -->
