<?xml version="1.0" encoding="UTF-8"?>
<!-- Generated by org.testng.reporters.JUnitReportReporter -->
<testsuite hostname="DESKTOP-KJ7QM76" failures="0" tests="3" name="com.Bstack.testCase.AddToCartTests" time="55.980" errors="0" timestamp="2025-11-20T22:00:44 AEST" skipped="0">
  <testcase classname="com.Bstack.testCase.AddToCartTests" name="addMoreItemsTest" time="22.148"/>
  <testcase classname="com.Bstack.testCase.AddToCartTests" name="checkoutTest" time="16.679"/>
  <testcase classname="com.Bstack.testCase.AddToCartTests" name="AddToCartTest" time="17.153"/>
</testsuite> <!-- com.Bstack.testCase.AddToCartTests -->
