<?xml version="1.0" encoding="UTF-8"?>
<!-- Generated by org.testng.reporters.JUnitReportReporter -->
<testsuite hostname="DESKTOP-KJ7QM76" failures="0" tests="6" name="com.Module01.TestCase.CreateLoginDataEcxel" time="0.100" errors="0" timestamp="2025-10-24T11:24:03 AEST" skipped="0">
  <testcase classname="com.Module01.TestCase.CreateLoginDataEcxel" name="writeDataToFile" time="0.005"/>
  <testcase classname="com.Module01.TestCase.CreateLoginDataEcxel" name="writeDataToFile" time="0.007"/>
  <testcase classname="com.Module01.TestCase.CreateLoginDataEcxel" name="writeDataToFile" time="0.006"/>
  <testcase classname="com.Module01.TestCase.CreateLoginDataEcxel" name="writeDataToFile" time="0.015"/>
  <testcase classname="com.Module01.TestCase.CreateLoginDataEcxel" name="writeDataToFile" time="0.008"/>
  <testcase classname="com.Module01.TestCase.CreateLoginDataEcxel" name="writeDataToFile" time="0.059"/>
</testsuite> <!-- com.Module01.TestCase.CreateLoginDataEcxel -->
