<?xml version="1.0" encoding="UTF-8"?>
<!-- Generated by org.testng.reporters.JUnitReportReporter -->
<testsuite hostname="DESKTOP-KJ7QM76" failures="0" tests="4" name="com.Module02Admin.TestCase.AdminTestCases" time="53.593" errors="0" timestamp="2025-11-27T02:06:13 AEST" skipped="0">
  <testcase classname="com.Module02Admin.TestCase.AdminTestCases" name="dashboardMenuTest" time="12.713"/>
  <testcase classname="com.Module02Admin.TestCase.AdminTestCases" name="searchByUsername" time="14.003"/>
  <testcase classname="com.Module02Admin.TestCase.AdminTestCases" name="searchUserByRoleTest" time="13.570"/>
  <testcase classname="com.Module02Admin.TestCase.AdminTestCases" name="userStatusTest" time="13.307"/>
</testsuite> <!-- com.Module02Admin.TestCase.AdminTestCases -->
