<?xml version="1.0" encoding="UTF-8"?>
<!-- Generated by org.testng.reporters.JUnitReportReporter -->
<testsuite hostname="DESKTOP-KJ7QM76" failures="0" tests="2" name="com.Bstack.testCase.LoginPageTest" time="20.870" errors="0" timestamp="2025-11-20T21:48:41 AEST" skipped="0">
  <testcase classname="com.Bstack.testCase.LoginPageTest" name="loginTest" time="10.200"/>
  <testcase classname="com.Bstack.testCase.LoginPageTest" name="emptyLoginTest" time="10.670"/>
</testsuite> <!-- com.Bstack.testCase.LoginPageTest -->
