<?xml version="1.0" encoding="UTF-8"?>
<!-- Generated by org.testng.reporters.JUnitReportReporter -->
<testsuite hostname="DESKTOP-KJ7QM76" failures="0" tests="2" name="com.Bstack.testCase.LoginPageTest" time="24.069" errors="0" timestamp="2025-11-20T22:00:44 AEST" skipped="0">
  <testcase classname="com.Bstack.testCase.LoginPageTest" name="emptyLoginTest" time="17.537"/>
  <testcase classname="com.Bstack.testCase.LoginPageTest" name="loginTest" time="6.532"/>
</testsuite> <!-- com.Bstack.testCase.LoginPageTest -->
