<?xml version="1.0" encoding="UTF-8"?>
<!-- Generated by org.testng.reporters.JUnitReportReporter -->
<testsuite hostname="DESKTOP-KJ7QM76" failures="0" tests="6" name="com.OrangeHRM.TestCase.Module1_Login" time="0.103" errors="0" timestamp="2025-10-24T03:33:21 AEST" skipped="0">
  <testcase classname="com.OrangeHRM.TestCase.Module1_Login" name="createLoginFile" time="0.007"/>
  <testcase classname="com.OrangeHRM.TestCase.Module1_Login" name="createLoginFile" time="0.008"/>
  <testcase classname="com.OrangeHRM.TestCase.Module1_Login" name="createLoginFile" time="0.012"/>
  <testcase classname="com.OrangeHRM.TestCase.Module1_Login" name="createLoginFile" time="0.008"/>
  <testcase classname="com.OrangeHRM.TestCase.Module1_Login" name="createLoginFile" time="0.007"/>
  <testcase classname="com.OrangeHRM.TestCase.Module1_Login" name="createLoginFile" time="0.061"/>
</testsuite> <!-- com.OrangeHRM.TestCase.Module1_Login -->
