<?xml version="1.0" encoding="UTF-8"?>
<!-- Generated by org.testng.reporters.JUnitReportReporter -->
<testsuite hostname="DESKTOP-KJ7QM76" failures="0" tests="3" name="com.Bstack.testCase.AddToCartTests" time="56.609" errors="0" timestamp="2025-11-20T21:48:41 AEST" skipped="0">
  <testcase classname="com.Bstack.testCase.AddToCartTests" name="addMoreItemsTest" time="20.028"/>
  <testcase classname="com.Bstack.testCase.AddToCartTests" name="AddToCartTest" time="20.201"/>
  <testcase classname="com.Bstack.testCase.AddToCartTests" name="checkoutTest" time="16.380"/>
</testsuite> <!-- com.Bstack.testCase.AddToCartTests -->
