<?xml version="1.0" encoding="UTF-8"?>
<!-- Generated by org.testng.reporters.JUnitReportReporter -->
<testsuite hostname="DESKTOP-KJ7QM76" failures="0" tests="5" name="com.Module01Login.TestCase.T03_LoginLogout" time="24.451" errors="0" timestamp="2025-11-27T02:09:21 AEST" skipped="0">
  <testcase classname="com.Module01Login.TestCase.T03_LoginLogout" name="loginToOHRM" time="5.618"/>
  <testcase classname="com.Module01Login.TestCase.T03_LoginLogout" name="loginToOHRM" time="2.254"/>
  <testcase classname="com.Module01Login.TestCase.T03_LoginLogout" name="loginToOHRM" time="4.810"/>
  <testcase classname="com.Module01Login.TestCase.T03_LoginLogout" name="loginToOHRM" time="3.537"/>
  <testcase classname="com.Module01Login.TestCase.T03_LoginLogout" name="loginToOHRM" time="8.232"/>
</testsuite> <!-- com.Module01Login.TestCase.T03_LoginLogout -->
