<?xml version="1.0" encoding="UTF-8"?>
<!-- Generated by org.testng.reporters.JUnitReportReporter -->
<testsuite hostname="DESKTOP-KJ7QM76" failures="0" tests="5" name="com.Module01.TestCase.T03_LoginLogout" time="7.259" errors="0" timestamp="2025-11-06T00:40:55 AEST" skipped="0">
  <testcase classname="com.Module01.TestCase.T03_LoginLogout" name="loginToOHRM" time="1.727"/>
  <testcase classname="com.Module01.TestCase.T03_LoginLogout" name="loginToOHRM" time="0.203"/>
  <testcase classname="com.Module01.TestCase.T03_LoginLogout" name="loginToOHRM" time="0.919"/>
  <testcase classname="com.Module01.TestCase.T03_LoginLogout" name="loginToOHRM" time="4.053"/>
  <testcase classname="com.Module01.TestCase.T03_LoginLogout" name="loginToOHRM" time="0.357"/>
</testsuite> <!-- com.Module01.TestCase.T03_LoginLogout -->
