<?xml version="1.0" encoding="UTF-8"?>
<!-- Generated by org.testng.reporters.JUnitReportReporter -->
<testsuite hostname="DESKTOP-KJ7QM76" failures="0" tests="3" name="com.Bstack.testCase.HomePageTest" time="0.731" errors="0" timestamp="2025-11-17T20:17:22 AEST" skipped="0">
  <testcase classname="com.Bstack.testCase.HomePageTest" name="titleTest" time="0.020"/>
  <testcase classname="com.Bstack.testCase.HomePageTest" name="linkStatusTest" time="0.696"/>
  <testcase classname="com.Bstack.testCase.HomePageTest" name="urlTest" time="0.015"/>
</testsuite> <!-- com.Bstack.testCase.HomePageTest -->
