<?xml version="1.0" encoding="UTF-8"?>
<!-- Generated by org.testng.reporters.JUnitReportReporter -->
<testsuite hostname="DESKTOP-KJ7QM76" failures="0" tests="3" name="com.Bstack.testCase.HomePageTest" time="31.660" errors="0" timestamp="2025-11-20T21:48:41 AEST" skipped="0">
  <testcase classname="com.Bstack.testCase.HomePageTest" name="titleTest" time="9.647"/>
  <testcase classname="com.Bstack.testCase.HomePageTest" name="urlTest" time="13.291"/>
  <testcase classname="com.Bstack.testCase.HomePageTest" name="linkStatusTest" time="8.722"/>
</testsuite> <!-- com.Bstack.testCase.HomePageTest -->
